<?xml version="1.0" encoding="UTF-8"?>
<testsuite xmlns:xsi="http://www.w3.org/2001/XMLSchema-instance" xsi:noNamespaceSchemaLocation="https://maven.apache.org/surefire/maven-surefire-plugin/xsd/surefire-test-report.xsd" name="com.thesis.app.AppTest" time="0.018" tests="1" errors="0" skipped="0" failures="0">
  <properties>
    <property name="java.specification.version" value="17"/>
    <property name="sun.jnu.encoding" value="UTF-8"/>
    <property name="java.class.path" value="/Users/evanchopra/Desktop/Thesis/signal-plugin/signalMessage/messageSender/target/test-classes:/Users/evanchopra/Desktop/Thesis/signal-plugin/signalMessage/messageSender/target/classes:/Users/evanchopra/.m2/repository/junit/junit/4.13.2/junit-4.13.2.jar:/Users/evanchopra/.m2/repository/org/hamcrest/hamcrest-core/1.3/hamcrest-core-1.3.jar:/Users/evanchopra/.m2/repository/org/mongodb/mongo-java-driver/2.12.3/mongo-java-driver-2.12.3.jar:/Users/evanchopra/.m2/repository/org/bouncycastle/bcprov-jdk15on/1.70/bcprov-jdk15on-1.70.jar:/Users/evanchopra/.m2/repository/com/googlecode/libphonenumber/libphonenumber/8.12.54/libphonenumber-8.12.54.jar:/Users/evanchopra/.m2/repository/com/fasterxml/jackson/core/jackson-databind/2.14.0/jackson-databind-2.14.0.jar:/Users/evanchopra/.m2/repository/com/fasterxml/jackson/core/jackson-annotations/2.14.0/jackson-annotations-2.14.0.jar:/Users/evanchopra/.m2/repository/com/fasterxml/jackson/core/jackson-core/2.14.0/jackson-core-2.14.0.jar:/Users/evanchopra/.m2/repository/org/signal/libsignal-client/0.21.1/libsignal-client-0.21.1.jar:/Users/evanchopra/.m2/repository/com/squareup/okhttp3/okhttp/4.10.0/okhttp-4.10.0.jar:/Users/evanchopra/.m2/repository/com/squareup/okio/okio-jvm/3.0.0/okio-jvm-3.0.0.jar:/Users/evanchopra/.m2/repository/org/jetbrains/kotlin/kotlin-stdlib-jdk8/1.5.31/kotlin-stdlib-jdk8-1.5.31.jar:/Users/evanchopra/.m2/repository/org/jetbrains/kotlin/kotlin-stdlib-jdk7/1.5.31/kotlin-stdlib-jdk7-1.5.31.jar:/Users/evanchopra/.m2/repository/org/jetbrains/kotlin/kotlin-stdlib-common/1.5.31/kotlin-stdlib-common-1.5.31.jar:/Users/evanchopra/.m2/repository/org/jetbrains/kotlin/kotlin-stdlib/1.6.20/kotlin-stdlib-1.6.20.jar:/Users/evanchopra/.m2/repository/org/jetbrains/annotations/13.0/annotations-13.0.jar:/Users/evanchopra/.m2/repository/com/squareup/okio/okio/3.2.0/okio-3.2.0.jar:/Users/evanchopra/.m2/repository/io/reactivex/rxjava3/rxjava/3.0.13/rxjava-3.0.13.jar:/Users/evanchopra/.m2/repository/org/reactivestreams/reactive-streams/1.0.3/reactive-streams-1.0.3.jar:/Users/evanchopra/.m2/repository/com/google/protobuf/protobuf-javalite/3.21.7/protobuf-javalite-3.21.7.jar:/Users/evanchopra/.m2/repository/com/google/code/findbugs/jsr305/3.0.2/jsr305-3.0.2.jar:/Users/evanchopra/.m2/repository/com/github/turasa/signal-service-java/2.15.3_unofficial_64/signal-service-java-2.15.3_unofficial_64.jar:/Users/evanchopra/.m2/repository/org/whispersystems/signal-protocol-java/2.8.1/signal-protocol-java-2.8.1.jar:/Users/evanchopra/.m2/repository/org/whispersystems/curve25519-java/0.5.0/curve25519-java-0.5.0.jar:"/>
    <property name="java.vm.vendor" value="Oracle Corporation"/>
    <property name="sun.arch.data.model" value="64"/>
    <property name="java.vendor.url" value="https://java.oracle.com/"/>
    <property name="os.name" value="Mac OS X"/>
    <property name="java.vm.specification.version" value="17"/>
    <property name="sun.java.launcher" value="SUN_STANDARD"/>
    <property name="user.country" value="GB"/>
    <property name="sun.boot.library.path" value="/Library/Java/JavaVirtualMachines/jdk-17.0.2.jdk/Contents/Home/lib"/>
    <property name="sun.java.command" value="/Users/evanchopra/Desktop/Thesis/signal-plugin/signalMessage/messageSender/target/surefire/surefirebooter15362537792670615508.jar /Users/evanchopra/Desktop/Thesis/signal-plugin/signalMessage/messageSender/target/surefire 2022-12-09T00-59-18_671-jvmRun1 surefire17458175985207941626tmp surefire_017879058045159369385tmp"/>
    <property name="http.nonProxyHosts" value="local|*.local|169.254/16|*.169.254/16"/>
    <property name="jdk.debug" value="release"/>
    <property name="surefire.test.class.path" value="/Users/evanchopra/Desktop/Thesis/signal-plugin/signalMessage/messageSender/target/test-classes:/Users/evanchopra/Desktop/Thesis/signal-plugin/signalMessage/messageSender/target/classes:/Users/evanchopra/.m2/repository/junit/junit/4.13.2/junit-4.13.2.jar:/Users/evanchopra/.m2/repository/org/hamcrest/hamcrest-core/1.3/hamcrest-core-1.3.jar:/Users/evanchopra/.m2/repository/org/mongodb/mongo-java-driver/2.12.3/mongo-java-driver-2.12.3.jar:/Users/evanchopra/.m2/repository/org/bouncycastle/bcprov-jdk15on/1.70/bcprov-jdk15on-1.70.jar:/Users/evanchopra/.m2/repository/com/googlecode/libphonenumber/libphonenumber/8.12.54/libphonenumber-8.12.54.jar:/Users/evanchopra/.m2/repository/com/fasterxml/jackson/core/jackson-databind/2.14.0/jackson-databind-2.14.0.jar:/Users/evanchopra/.m2/repository/com/fasterxml/jackson/core/jackson-annotations/2.14.0/jackson-annotations-2.14.0.jar:/Users/evanchopra/.m2/repository/com/fasterxml/jackson/core/jackson-core/2.14.0/jackson-core-2.14.0.jar:/Users/evanchopra/.m2/repository/org/signal/libsignal-client/0.21.1/libsignal-client-0.21.1.jar:/Users/evanchopra/.m2/repository/com/squareup/okhttp3/okhttp/4.10.0/okhttp-4.10.0.jar:/Users/evanchopra/.m2/repository/com/squareup/okio/okio-jvm/3.0.0/okio-jvm-3.0.0.jar:/Users/evanchopra/.m2/repository/org/jetbrains/kotlin/kotlin-stdlib-jdk8/1.5.31/kotlin-stdlib-jdk8-1.5.31.jar:/Users/evanchopra/.m2/repository/org/jetbrains/kotlin/kotlin-stdlib-jdk7/1.5.31/kotlin-stdlib-jdk7-1.5.31.jar:/Users/evanchopra/.m2/repository/org/jetbrains/kotlin/kotlin-stdlib-common/1.5.31/kotlin-stdlib-common-1.5.31.jar:/Users/evanchopra/.m2/repository/org/jetbrains/kotlin/kotlin-stdlib/1.6.20/kotlin-stdlib-1.6.20.jar:/Users/evanchopra/.m2/repository/org/jetbrains/annotations/13.0/annotations-13.0.jar:/Users/evanchopra/.m2/repository/com/squareup/okio/okio/3.2.0/okio-3.2.0.jar:/Users/evanchopra/.m2/repository/io/reactivex/rxjava3/rxjava/3.0.13/rxjava-3.0.13.jar:/Users/evanchopra/.m2/repository/org/reactivestreams/reactive-streams/1.0.3/reactive-streams-1.0.3.jar:/Users/evanchopra/.m2/repository/com/google/protobuf/protobuf-javalite/3.21.7/protobuf-javalite-3.21.7.jar:/Users/evanchopra/.m2/repository/com/google/code/findbugs/jsr305/3.0.2/jsr305-3.0.2.jar:/Users/evanchopra/.m2/repository/com/github/turasa/signal-service-java/2.15.3_unofficial_64/signal-service-java-2.15.3_unofficial_64.jar:/Users/evanchopra/.m2/repository/org/whispersystems/signal-protocol-java/2.8.1/signal-protocol-java-2.8.1.jar:/Users/evanchopra/.m2/repository/org/whispersystems/curve25519-java/0.5.0/curve25519-java-0.5.0.jar:"/>
    <property name="sun.cpu.endian" value="little"/>
    <property name="user.home" value="/Users/evanchopra"/>
    <property name="user.language" value="en"/>
    <property name="java.specification.vendor" value="Oracle Corporation"/>
    <property name="java.version.date" value="2022-01-18"/>
    <property name="java.home" value="/Library/Java/JavaVirtualMachines/jdk-17.0.2.jdk/Contents/Home"/>
    <property name="file.separator" value="/"/>
    <property name="basedir" value="/Users/evanchopra/Desktop/Thesis/signal-plugin/signalMessage/messageSender"/>
    <property name="java.vm.compressedOopsMode" value="Zero based"/>
    <property name="line.separator" value="&#10;"/>
    <property name="java.specification.name" value="Java Platform API Specification"/>
    <property name="java.vm.specification.vendor" value="Oracle Corporation"/>
    <property name="surefire.real.class.path" value="/Users/evanchopra/Desktop/Thesis/signal-plugin/signalMessage/messageSender/target/surefire/surefirebooter15362537792670615508.jar"/>
    <property name="sun.management.compiler" value="HotSpot 64-Bit Tiered Compilers"/>
    <property name="ftp.nonProxyHosts" value="local|*.local|169.254/16|*.169.254/16"/>
    <property name="java.runtime.version" value="17.0.2+8-86"/>
    <property name="user.name" value="evanchopra"/>
    <property name="path.separator" value=":"/>
    <property name="os.version" value="12.3"/>
    <property name="java.runtime.name" value="OpenJDK Runtime Environment"/>
    <property name="file.encoding" value="UTF-8"/>
    <property name="java.vm.name" value="OpenJDK 64-Bit Server VM"/>
    <property name="localRepository" value="/Users/evanchopra/.m2/repository"/>
    <property name="java.vendor.url.bug" value="https://bugreport.java.com/bugreport/"/>
    <property name="java.io.tmpdir" value="/var/folders/93/pnc6tf910px1gbdq79s21pnm0000gn/T/"/>
    <property name="java.version" value="17.0.2"/>
    <property name="user.dir" value="/Users/evanchopra/Desktop/Thesis/signal-plugin/signalMessage/messageSender"/>
    <property name="os.arch" value="aarch64"/>
    <property name="java.vm.specification.name" value="Java Virtual Machine Specification"/>
    <property name="native.encoding" value="UTF-8"/>
    <property name="java.library.path" value="/Users/evanchopra/Library/Java/Extensions:/Library/Java/Extensions:/Network/Library/Java/Extensions:/System/Library/Java/Extensions:/usr/lib/java:."/>
    <property name="java.vm.info" value="mixed mode, sharing"/>
    <property name="java.vendor" value="Oracle Corporation"/>
    <property name="java.vm.version" value="17.0.2+8-86"/>
    <property name="sun.io.unicode.encoding" value="UnicodeBig"/>
    <property name="socksNonProxyHosts" value="local|*.local|169.254/16|*.169.254/16"/>
    <property name="java.class.version" value="61.0"/>
  </properties>
  <testcase name="shouldAnswerWithTrue" classname="com.thesis.app.AppTest" time="0.001"/>
</testsuite>